{"C:\\webb\\test-assignment-unittest\\src\\ts\\functions.ts": {"path":"C:\\webb\\test-assignment-unittest\\src\\ts\\functions.ts","statementMap":{"0":{"start":{"line":1,"column":0},"end":{"line":1,"column":36}},"1":{"start":{"line":3,"column":0},"end":{"line":3,"column":37}},"2":{"start":{"line":6,"column":2},"end":{"line":12,"column":null}},"3":{"start":{"line":7,"column":18},"end":{"line":7,"column":43}},"4":{"start":{"line":8,"column":4},"end":{"line":8,"column":24}},"5":{"start":{"line":9,"column":4},"end":{"line":9,"column":40}},"6":{"start":{"line":11,"column":4},"end":{"line":11,"column":74}},"7":{"start":{"line":5,"column":0},"end":{"line":5,"column":16}},"8":{"start":{"line":16,"column":2},"end":{"line":16,"column":25}},"9":{"start":{"line":15,"column":0},"end":{"line":15,"column":16}},"10":{"start":{"line":20,"column":2},"end":{"line":20,"column":32}},"11":{"start":{"line":19,"column":0},"end":{"line":19,"column":16}},"12":{"start":{"line":25,"column":2},"end":{"line":36,"column":5}},"13":{"start":{"line":26,"column":18},"end":{"line":26,"column":38}},"14":{"start":{"line":27,"column":18},"end":{"line":27,"column":38}},"15":{"start":{"line":29,"column":4},"end":{"line":31,"column":null}},"16":{"start":{"line":30,"column":6},"end":{"line":30,"column":16}},"17":{"start":{"line":32,"column":4},"end":{"line":34,"column":null}},"18":{"start":{"line":33,"column":6},"end":{"line":33,"column":15}},"19":{"start":{"line":35,"column":4},"end":{"line":35,"column":13}},"20":{"start":{"line":38,"column":2},"end":{"line":38,"column":20}},"21":{"start":{"line":23,"column":0},"end":{"line":23,"column":16}}},"fnMap":{"0":{"name":"addTodo","decl":{"start":{"line":5,"column":16},"end":{"line":5,"column":23}},"loc":{"start":{"line":5,"column":55},"end":{"line":13,"column":1}}},"1":{"name":"changeTodo","decl":{"start":{"line":15,"column":16},"end":{"line":15,"column":26}},"loc":{"start":{"line":15,"column":37},"end":{"line":17,"column":1}}},"2":{"name":"removeAllTodos","decl":{"start":{"line":19,"column":16},"end":{"line":19,"column":30}},"loc":{"start":{"line":19,"column":44},"end":{"line":21,"column":1}}},"3":{"name":"sortByName","decl":{"start":{"line":23,"column":16},"end":{"line":23,"column":26}},"loc":{"start":{"line":23,"column":40},"end":{"line":39,"column":1}}},"4":{"name":"(anonymous_4)","decl":{"start":{"line":25,"column":13},"end":{"line":25,"column":14}},"loc":{"start":{"line":25,"column":22},"end":{"line":36,"column":3}}}},"branchMap":{"0":{"loc":{"start":{"line":6,"column":2},"end":{"line":12,"column":null}},"type":"if","locations":[{"start":{"line":6,"column":2},"end":{"line":12,"column":null}},{"start":{"line":10,"column":9},"end":{"line":12,"column":null}}]},"1":{"loc":{"start":{"line":29,"column":4},"end":{"line":31,"column":null}},"type":"if","locations":[{"start":{"line":29,"column":4},"end":{"line":31,"column":null}}]},"2":{"loc":{"start":{"line":32,"column":4},"end":{"line":34,"column":null}},"type":"if","locations":[{"start":{"line":32,"column":4},"end":{"line":34,"column":null}}]}},"s":{"0":2,"1":2,"2":4,"3":2,"4":2,"5":2,"6":2,"7":2,"8":2,"9":2,"10":1,"11":2,"12":1,"13":4,"14":4,"15":4,"16":2,"17":2,"18":2,"19":0,"20":1,"21":2},"f":{"0":4,"1":2,"2":1,"3":1,"4":4},"b":{"0":[2,2],"1":[2],"2":[2]}}
,"C:\\webb\\test-assignment-unittest\\src\\ts\\main.ts": {"path":"C:\\webb\\test-assignment-unittest\\src\\ts\\main.ts","statementMap":{"0":{"start":{"line":1,"column":0},"end":{"line":1,"column":78}},"1":{"start":{"line":4,"column":19},"end":{"line":4,"column":71}},"2":{"start":{"line":5,"column":20},"end":{"line":5,"column":69}},"3":{"start":{"line":7,"column":0},"end":{"line":9,"column":3}},"4":{"start":{"line":8,"column":2},"end":{"line":8,"column":20}},"5":{"start":{"line":11,"column":1},"end":{"line":23,"column":2}},"6":{"start":{"line":14,"column":4},"end":{"line":14,"column":23}},"7":{"start":{"line":17,"column":6},"end":{"line":18,"column":11}},"8":{"start":{"line":19,"column":4},"end":{"line":19,"column":46}},"9":{"start":{"line":21,"column":4},"end":{"line":21,"column":35}},"10":{"start":{"line":25,"column":0},"end":{"line":27,"column":3}},"11":{"start":{"line":26,"column":2},"end":{"line":26,"column":20}},"12":{"start":{"line":30,"column":15},"end":{"line":30,"column":39}},"13":{"start":{"line":32,"column":2},"end":{"line":36,"column":null}},"14":{"start":{"line":33,"column":4},"end":{"line":33,"column":30}},"15":{"start":{"line":35,"column":4},"end":{"line":35,"column":45}},"16":{"start":{"line":29,"column":0},"end":{"line":29,"column":16}},"17":{"start":{"line":40,"column":2},"end":{"line":40,"column":55}},"18":{"start":{"line":42,"column":41},"end":{"line":43,"column":null}},"19":{"start":{"line":46,"column":2},"end":{"line":46,"column":32}},"20":{"start":{"line":48,"column":2},"end":{"line":62,"column":null}},"21":{"start":{"line":48,"column":15},"end":{"line":48,"column":16}},"22":{"start":{"line":49,"column":28},"end":{"line":49,"column":56}},"23":{"start":{"line":51,"column":4},"end":{"line":53,"column":null}},"24":{"start":{"line":52,"column":6},"end":{"line":52,"column":43}},"25":{"start":{"line":55,"column":4},"end":{"line":55,"column":35}},"26":{"start":{"line":56,"column":4},"end":{"line":56,"column":33}},"27":{"start":{"line":57,"column":4},"end":{"line":59,"column":7}},"28":{"start":{"line":58,"column":6},"end":{"line":58,"column":35}},"29":{"start":{"line":61,"column":4},"end":{"line":61,"column":35}},"30":{"start":{"line":39,"column":0},"end":{"line":39,"column":16}},"31":{"start":{"line":66,"column":2},"end":{"line":66,"column":19}},"32":{"start":{"line":67,"column":2},"end":{"line":67,"column":28}},"33":{"start":{"line":65,"column":0},"end":{"line":65,"column":16}},"34":{"start":{"line":71,"column":39},"end":{"line":72,"column":null}},"35":{"start":{"line":75,"column":2},"end":{"line":75,"column":35}},"36":{"start":{"line":77,"column":2},"end":{"line":81,"column":null}},"37":{"start":{"line":78,"column":4},"end":{"line":78,"column":41}},"38":{"start":{"line":80,"column":4},"end":{"line":80,"column":44}},"39":{"start":{"line":70,"column":0},"end":{"line":70,"column":16}},"40":{"start":{"line":85,"column":2},"end":{"line":85,"column":24}},"41":{"start":{"line":86,"column":2},"end":{"line":86,"column":28}},"42":{"start":{"line":84,"column":0},"end":{"line":84,"column":16}}},"fnMap":{"0":{"name":"(anonymous_0)","decl":{"start":{"line":7,"column":65},"end":{"line":7,"column":68}},"loc":{"start":{"line":7,"column":70},"end":{"line":9,"column":1}}},"1":{"name":"(anonymous_1)","decl":{"start":{"line":13,"column":2},"end":{"line":13,"column":3}},"loc":{"start":{"line":13,"column":21},"end":{"line":22,"column":3}}},"2":{"name":"(anonymous_2)","decl":{"start":{"line":25,"column":38},"end":{"line":25,"column":41}},"loc":{"start":{"line":25,"column":43},"end":{"line":27,"column":1}}},"3":{"name":"createNewTodo","decl":{"start":{"line":29,"column":16},"end":{"line":29,"column":29}},"loc":{"start":{"line":29,"column":61},"end":{"line":37,"column":1}}},"4":{"name":"createHtml","decl":{"start":{"line":39,"column":16},"end":{"line":39,"column":26}},"loc":{"start":{"line":39,"column":40},"end":{"line":63,"column":1}}},"5":{"name":"(anonymous_5)","decl":{"start":{"line":57,"column":33},"end":{"line":57,"column":36}},"loc":{"start":{"line":57,"column":38},"end":{"line":59,"column":5}}},"6":{"name":"toggleTodo","decl":{"start":{"line":65,"column":16},"end":{"line":65,"column":26}},"loc":{"start":{"line":65,"column":37},"end":{"line":68,"column":1}}},"7":{"name":"displayError","decl":{"start":{"line":70,"column":16},"end":{"line":70,"column":28}},"loc":{"start":{"line":70,"column":57},"end":{"line":82,"column":1}}},"8":{"name":"clearTodos","decl":{"start":{"line":84,"column":16},"end":{"line":84,"column":26}},"loc":{"start":{"line":84,"column":40},"end":{"line":87,"column":1}}}},"branchMap":{"0":{"loc":{"start":{"line":5,"column":31},"end":{"line":5,"column":68}},"type":"binary-expr","locations":[{"start":{"line":5,"column":31},"end":{"line":5,"column":60}},{"start":{"line":5,"column":64},"end":{"line":5,"column":68}}]},"1":{"loc":{"start":{"line":32,"column":2},"end":{"line":36,"column":null}},"type":"if","locations":[{"start":{"line":32,"column":2},"end":{"line":36,"column":null}},{"start":{"line":34,"column":9},"end":{"line":36,"column":null}}]},"2":{"loc":{"start":{"line":51,"column":4},"end":{"line":53,"column":null}},"type":"if","locations":[{"start":{"line":51,"column":4},"end":{"line":53,"column":null}}]},"3":{"loc":{"start":{"line":77,"column":2},"end":{"line":81,"column":null}},"type":"if","locations":[{"start":{"line":77,"column":2},"end":{"line":81,"column":null}},{"start":{"line":79,"column":9},"end":{"line":81,"column":null}}]}},"s":{"0":2,"1":2,"2":2,"3":2,"4":0,"5":2,"6":0,"7":0,"8":0,"9":0,"10":2,"11":0,"12":2,"13":2,"14":1,"15":1,"16":2,"17":7,"18":7,"19":7,"20":7,"21":7,"22":6,"23":6,"24":2,"25":6,"26":6,"27":6,"28":1,"29":6,"30":2,"31":3,"32":3,"33":2,"34":2,"35":2,"36":2,"37":1,"38":1,"39":2,"40":1,"41":1,"42":2},"f":{"0":0,"1":0,"2":0,"3":2,"4":7,"5":1,"6":3,"7":2,"8":1},"b":{"0":[2,2],"1":[1,1],"2":[2],"3":[1,1]}}
,"C:\\webb\\test-assignment-unittest\\src\\ts\\models\\Todo.ts": {"path":"C:\\webb\\test-assignment-unittest\\src\\ts\\models\\Todo.ts","statementMap":{"0":{"start":{"line":2,"column":21},"end":{"line":2,"column":33}},"1":{"start":{"line":2,"column":42},"end":{"line":2,"column":55}},"2":{"start":{"line":1,"column":0},"end":{"line":1,"column":13}}},"fnMap":{"0":{"name":"(anonymous_0)","decl":{"start":{"line":2,"column":2},"end":{"line":2,"column":21}},"loc":{"start":{"line":2,"column":55},"end":{"line":2,"column":59}}}},"branchMap":{},"s":{"0":4,"1":4,"2":2},"f":{"0":4},"b":{}}
}
