{"C:\\webb\\test-assignment-unittest\\src\\ts\\functions.ts": {"path":"C:\\webb\\test-assignment-unittest\\src\\ts\\functions.ts","statementMap":{"0":{"start":{"line":3,"column":0},"end":{"line":3,"column":37}},"1":{"start":{"line":6,"column":2},"end":{"line":12,"column":null}},"2":{"start":{"line":7,"column":18},"end":{"line":7,"column":43}},"3":{"start":{"line":8,"column":4},"end":{"line":8,"column":24}},"4":{"start":{"line":9,"column":4},"end":{"line":9,"column":40}},"5":{"start":{"line":11,"column":4},"end":{"line":11,"column":74}},"6":{"start":{"line":5,"column":0},"end":{"line":5,"column":16}},"7":{"start":{"line":16,"column":2},"end":{"line":16,"column":25}},"8":{"start":{"line":15,"column":0},"end":{"line":15,"column":16}},"9":{"start":{"line":20,"column":2},"end":{"line":20,"column":32}},"10":{"start":{"line":19,"column":0},"end":{"line":19,"column":16}}},"fnMap":{"0":{"name":"addTodo","decl":{"start":{"line":5,"column":16},"end":{"line":5,"column":23}},"loc":{"start":{"line":5,"column":55},"end":{"line":13,"column":1}}},"1":{"name":"changeTodo","decl":{"start":{"line":15,"column":16},"end":{"line":15,"column":26}},"loc":{"start":{"line":15,"column":37},"end":{"line":17,"column":1}}},"2":{"name":"removeAllTodos","decl":{"start":{"line":19,"column":16},"end":{"line":19,"column":30}},"loc":{"start":{"line":19,"column":44},"end":{"line":21,"column":1}}}},"branchMap":{"0":{"loc":{"start":{"line":6,"column":2},"end":{"line":12,"column":null}},"type":"if","locations":[{"start":{"line":6,"column":2},"end":{"line":12,"column":null}},{"start":{"line":10,"column":9},"end":{"line":12,"column":null}}]}},"s":{"0":2,"1":4,"2":2,"3":2,"4":2,"5":2,"6":2,"7":2,"8":2,"9":1,"10":2},"f":{"0":4,"1":2,"2":1},"b":{"0":[2,2]}}
,"C:\\webb\\test-assignment-unittest\\src\\ts\\main.ts": {"path":"C:\\webb\\test-assignment-unittest\\src\\ts\\main.ts","statementMap":{"0":{"start":{"line":1,"column":0},"end":{"line":1,"column":66}},"1":{"start":{"line":4,"column":20},"end":{"line":4,"column":69}},"2":{"start":{"line":7,"column":0},"end":{"line":9,"column":3}},"3":{"start":{"line":8,"column":2},"end":{"line":8,"column":20}},"4":{"start":{"line":11,"column":1},"end":{"line":23,"column":2}},"5":{"start":{"line":14,"column":4},"end":{"line":14,"column":23}},"6":{"start":{"line":17,"column":6},"end":{"line":18,"column":11}},"7":{"start":{"line":19,"column":4},"end":{"line":19,"column":46}},"8":{"start":{"line":21,"column":4},"end":{"line":21,"column":35}},"9":{"start":{"line":26,"column":15},"end":{"line":26,"column":39}},"10":{"start":{"line":28,"column":2},"end":{"line":32,"column":null}},"11":{"start":{"line":29,"column":4},"end":{"line":29,"column":30}},"12":{"start":{"line":31,"column":4},"end":{"line":31,"column":45}},"13":{"start":{"line":25,"column":0},"end":{"line":25,"column":16}},"14":{"start":{"line":36,"column":2},"end":{"line":36,"column":55}},"15":{"start":{"line":38,"column":41},"end":{"line":39,"column":null}},"16":{"start":{"line":42,"column":2},"end":{"line":42,"column":32}},"17":{"start":{"line":44,"column":2},"end":{"line":58,"column":null}},"18":{"start":{"line":44,"column":15},"end":{"line":44,"column":16}},"19":{"start":{"line":45,"column":28},"end":{"line":45,"column":56}},"20":{"start":{"line":47,"column":4},"end":{"line":49,"column":null}},"21":{"start":{"line":48,"column":6},"end":{"line":48,"column":43}},"22":{"start":{"line":51,"column":4},"end":{"line":51,"column":35}},"23":{"start":{"line":52,"column":4},"end":{"line":52,"column":33}},"24":{"start":{"line":53,"column":4},"end":{"line":55,"column":7}},"25":{"start":{"line":54,"column":6},"end":{"line":54,"column":35}},"26":{"start":{"line":57,"column":4},"end":{"line":57,"column":35}},"27":{"start":{"line":35,"column":0},"end":{"line":35,"column":16}},"28":{"start":{"line":62,"column":2},"end":{"line":62,"column":19}},"29":{"start":{"line":63,"column":2},"end":{"line":63,"column":28}},"30":{"start":{"line":61,"column":0},"end":{"line":61,"column":16}},"31":{"start":{"line":67,"column":39},"end":{"line":68,"column":null}},"32":{"start":{"line":71,"column":2},"end":{"line":71,"column":35}},"33":{"start":{"line":73,"column":2},"end":{"line":77,"column":null}},"34":{"start":{"line":74,"column":4},"end":{"line":74,"column":41}},"35":{"start":{"line":76,"column":4},"end":{"line":76,"column":44}},"36":{"start":{"line":66,"column":0},"end":{"line":66,"column":16}},"37":{"start":{"line":81,"column":2},"end":{"line":81,"column":24}},"38":{"start":{"line":82,"column":2},"end":{"line":82,"column":28}},"39":{"start":{"line":80,"column":0},"end":{"line":80,"column":16}}},"fnMap":{"0":{"name":"(anonymous_0)","decl":{"start":{"line":7,"column":65},"end":{"line":7,"column":68}},"loc":{"start":{"line":7,"column":70},"end":{"line":9,"column":1}}},"1":{"name":"(anonymous_1)","decl":{"start":{"line":13,"column":2},"end":{"line":13,"column":3}},"loc":{"start":{"line":13,"column":21},"end":{"line":22,"column":3}}},"2":{"name":"createNewTodo","decl":{"start":{"line":25,"column":16},"end":{"line":25,"column":29}},"loc":{"start":{"line":25,"column":61},"end":{"line":33,"column":1}}},"3":{"name":"createHtml","decl":{"start":{"line":35,"column":16},"end":{"line":35,"column":26}},"loc":{"start":{"line":35,"column":40},"end":{"line":59,"column":1}}},"4":{"name":"(anonymous_4)","decl":{"start":{"line":53,"column":33},"end":{"line":53,"column":36}},"loc":{"start":{"line":53,"column":38},"end":{"line":55,"column":5}}},"5":{"name":"toggleTodo","decl":{"start":{"line":61,"column":16},"end":{"line":61,"column":26}},"loc":{"start":{"line":61,"column":37},"end":{"line":64,"column":1}}},"6":{"name":"displayError","decl":{"start":{"line":66,"column":16},"end":{"line":66,"column":28}},"loc":{"start":{"line":66,"column":57},"end":{"line":78,"column":1}}},"7":{"name":"clearTodos","decl":{"start":{"line":80,"column":16},"end":{"line":80,"column":26}},"loc":{"start":{"line":80,"column":40},"end":{"line":83,"column":1}}}},"branchMap":{"0":{"loc":{"start":{"line":4,"column":31},"end":{"line":4,"column":68}},"type":"binary-expr","locations":[{"start":{"line":4,"column":31},"end":{"line":4,"column":60}},{"start":{"line":4,"column":64},"end":{"line":4,"column":68}}]},"1":{"loc":{"start":{"line":28,"column":2},"end":{"line":32,"column":null}},"type":"if","locations":[{"start":{"line":28,"column":2},"end":{"line":32,"column":null}},{"start":{"line":30,"column":9},"end":{"line":32,"column":null}}]},"2":{"loc":{"start":{"line":47,"column":4},"end":{"line":49,"column":null}},"type":"if","locations":[{"start":{"line":47,"column":4},"end":{"line":49,"column":null}}]},"3":{"loc":{"start":{"line":73,"column":2},"end":{"line":77,"column":null}},"type":"if","locations":[{"start":{"line":73,"column":2},"end":{"line":77,"column":null}},{"start":{"line":75,"column":9},"end":{"line":77,"column":null}}]}},"s":{"0":1,"1":1,"2":1,"3":0,"4":1,"5":0,"6":0,"7":0,"8":0,"9":2,"10":2,"11":1,"12":1,"13":1,"14":6,"15":6,"16":6,"17":6,"18":6,"19":3,"20":3,"21":2,"22":3,"23":3,"24":3,"25":1,"26":3,"27":1,"28":3,"29":3,"30":1,"31":2,"32":2,"33":2,"34":1,"35":1,"36":1,"37":1,"38":1,"39":1},"f":{"0":0,"1":0,"2":2,"3":6,"4":1,"5":3,"6":2,"7":1},"b":{"0":[1,1],"1":[1,1],"2":[2],"3":[1,1]}}
,"C:\\webb\\test-assignment-unittest\\src\\ts\\models\\Todo.ts": {"path":"C:\\webb\\test-assignment-unittest\\src\\ts\\models\\Todo.ts","statementMap":{"0":{"start":{"line":2,"column":21},"end":{"line":2,"column":33}},"1":{"start":{"line":2,"column":42},"end":{"line":2,"column":55}},"2":{"start":{"line":1,"column":0},"end":{"line":1,"column":13}}},"fnMap":{"0":{"name":"(anonymous_0)","decl":{"start":{"line":2,"column":2},"end":{"line":2,"column":21}},"loc":{"start":{"line":2,"column":55},"end":{"line":2,"column":59}}}},"branchMap":{},"s":{"0":4,"1":4,"2":2},"f":{"0":4},"b":{}}
}
