TN:
SF:src\ts\functions.ts
FN:5,addTodo
FN:15,changeTodo
FN:19,removeAllTodos
FNF:3
FNH:3
FNDA:4,addTodo
FNDA:2,changeTodo
FNDA:1,removeAllTodos
DA:3,2
DA:5,2
DA:6,4
DA:7,2
DA:8,2
DA:9,2
DA:11,2
DA:15,2
DA:16,2
DA:19,2
DA:20,1
LF:11
LH:11
BRDA:6,0,0,2
BRDA:6,0,1,2
BRF:2
BRH:2
end_of_record
TN:
SF:src\ts\main.ts
FN:7,(anonymous_0)
FN:13,(anonymous_1)
FN:25,createNewTodo
FN:35,createHtml
FN:53,(anonymous_4)
FN:61,toggleTodo
FN:66,displayError
FN:80,clearTodos
FNF:8
FNH:6
FNDA:0,(anonymous_0)
FNDA:0,(anonymous_1)
FNDA:2,createNewTodo
FNDA:6,createHtml
FNDA:1,(anonymous_4)
FNDA:3,toggleTodo
FNDA:2,displayError
FNDA:1,clearTodos
DA:1,1
DA:4,1
DA:7,1
DA:8,0
DA:11,1
DA:14,0
DA:17,0
DA:19,0
DA:21,0
DA:25,1
DA:26,2
DA:28,2
DA:29,1
DA:31,1
DA:35,1
DA:36,6
DA:38,6
DA:42,6
DA:44,6
DA:45,3
DA:47,3
DA:48,2
DA:51,3
DA:52,3
DA:53,3
DA:54,1
DA:57,3
DA:61,1
DA:62,3
DA:63,3
DA:66,1
DA:67,2
DA:71,2
DA:73,2
DA:74,1
DA:76,1
DA:80,1
DA:81,1
DA:82,1
LF:39
LH:34
BRDA:4,0,0,1
BRDA:4,0,1,1
BRDA:28,1,0,1
BRDA:28,1,1,1
BRDA:47,2,0,2
BRDA:73,3,0,1
BRDA:73,3,1,1
BRF:7
BRH:7
end_of_record
TN:
SF:src\ts\models\Todo.ts
FN:2,(anonymous_0)
FNF:1
FNH:1
FNDA:4,(anonymous_0)
DA:1,2
DA:2,4
LF:2
LH:2
BRF:0
BRH:0
end_of_record
