TN:
SF:src\ts\functions.ts
FN:4,addTodo
FN:14,changeTodo
FN:18,removeAllTodos
FNF:3
FNH:2
FNDA:0,addTodo
FNDA:1,changeTodo
FNDA:1,removeAllTodos
DA:2,2
DA:4,2
DA:5,0
DA:6,0
DA:7,0
DA:8,0
DA:10,0
DA:14,2
DA:15,1
DA:18,2
DA:19,1
LF:11
LH:6
BRDA:5,0,0,0
BRDA:5,0,1,0
BRF:2
BRH:0
end_of_record
TN:
SF:src\ts\main.ts
FN:6,(anonymous_0)
FN:12,(anonymous_1)
FN:24,createNewTodo
FN:34,createHtml
FN:52,(anonymous_4)
FN:60,toggleTodo
FN:65,displayError
FN:79,clearTodos
FNF:8
FNH:4
FNDA:0,(anonymous_0)
FNDA:0,(anonymous_1)
FNDA:0,createNewTodo
FNDA:1,createHtml
FNDA:0,(anonymous_4)
FNDA:2,toggleTodo
FNDA:2,displayError
FNDA:1,clearTodos
DA:1,1
DA:4,1
DA:6,1
DA:7,0
DA:10,1
DA:13,0
DA:16,0
DA:18,0
DA:20,0
DA:25,0
DA:27,0
DA:28,0
DA:30,0
DA:34,1
DA:35,1
DA:37,1
DA:41,1
DA:43,1
DA:44,0
DA:46,0
DA:47,0
DA:50,0
DA:51,0
DA:52,0
DA:53,0
DA:56,0
DA:60,1
DA:61,2
DA:62,2
DA:65,1
DA:66,2
DA:70,2
DA:72,2
DA:73,1
DA:75,1
DA:79,1
DA:80,1
DA:81,1
LF:38
LH:21
BRDA:4,0,0,1
BRDA:4,0,1,1
BRDA:27,1,0,0
BRDA:27,1,1,0
BRDA:46,2,0,0
BRDA:72,3,0,1
BRDA:72,3,1,1
BRF:7
BRH:4
end_of_record
TN:
SF:src\ts\models\Todo.ts
FN:2,(anonymous_0)
FNF:1
FNH:1
FNDA:1,(anonymous_0)
DA:1,2
DA:2,1
LF:2
LH:2
BRF:0
BRH:0
end_of_record
